Club Penguin copy/Temp/gradleOut/build/outputs/logs/manifest-merger-release-report.txt
-- Merging decision tree log ---
manifest
ADDED from src/main/AndroidManifest.xml:2:1-29:12
INJECTED from src/main/AndroidManifest.xml:2:1-29:12
INJECTED from src/main/AndroidManifest.xml:2:1-29:12
INJECTED from src/main/AndroidManifest.xml:2:1-29:12
MERGED from [:androidx.arch.core.core-runtime-2.0.0:] AndroidManifest.xml:17:1-22:12
MERGED from [:androidx.asynclayoutinflater.asynclayoutinflater-1.0.0:] AndroidManifest.xml:17:1-22:12
MERGED from [:androidx.coordinatorlayout.coordinatorlayout-1.0.0:] AndroidManifest.xml:17:1-22:12
MERGED from [:androidx.core.core-1.0.0:] AndroidManifest.xml:17:1-24:12
MERGED from [:androidx.cursoradapter.cursoradapter-1.0.0:] AndroidManifest.xml:17:1-22:12
MERGED from [:androidx.customview.customview-1.0.0:] AndroidManifest.xml:17:1-22:12
MERGED from [:androidx.documentfile.documentfile-1.0.0:] AndroidManifest.xml:17:1-22:12
MERGED from [:androidx.drawerlayout.drawerlayout-1.0.0:] AndroidManifest.xml:17:1-22:12
MERGED from [:androidx.fragment.fragment-1.0.0:] AndroidManifest.xml:17:1-22:12
MERGED from [:androidx.interpolator.interpolator-1.0.0:] AndroidManifest.xml:17:1-22:12
MERGED from [:androidx.legacy.legacy-support-core-ui-1.0.0:] AndroidManifest.xml:17:1-22:12
MERGED from [:androidx.legacy.legacy-support-core-utils-1.0.0:] AndroidManifest.xml:17:1-22:12
MERGED from [:androidx.lifecycle.lifecycle-livedata-2.0.0:] AndroidManifest.xml:17:1-22:12
MERGED from [:androidx.lifecycle.lifecycle-livedata-core-2.0.0:] AndroidManifest.xml:17:1-22:12
MERGED from [:androidx.lifecycle.lifecycle-runtime-2.0.0:] AndroidManifest.xml:17:1-22:12
MERGED from [:androidx.lifecycle.lifecycle-viewmodel-2.0.0:] AndroidManifest.xml:17:1-22:12
MERGED from [:androidx.loader.loader-1.0.0:] AndroidManifest.xml:17:1-22:12
MERGED from [:androidx.localbroadcastmanager.localbroadcastmanager-1.0.0:] AndroidManifest.xml:17:1-22:12
MERGED from [:androidx.print.print-1.0.0:] AndroidManifest.xml:17:1-22:12
MERGED from [:androidx.slidingpanelayout.slidingpanelayout-1.0.0:] AndroidManifest.xml:17:1-22:12
MERGED from [:androidx.swiperefreshlayout.swiperefreshlayout-1.0.0:] AndroidManifest.xml:17:1-22:12
MERGED from [:androidx.versionedparcelable.versionedparcelable-1.0.0:] AndroidManifest.xml:17:1-25:12
MERGED from [:androidx.viewpager.viewpager-1.0.0:] AndroidManifest.xml:17:1-22:12
MERGED from [:com.google.android.gms.play-services-ads-identifier-17.0.0:] AndroidManifest.xml:17:1-24:12
MERGED from [:com.google.android.gms.play-services-base-17.1.0:] AndroidManifest.xml:17:1-29:12
MERGED from [:com.google.android.gms.play-services-basement-17.0.0:] AndroidManifest.xml:17:1-28:12
MERGED from [:com.google.android.gms.play-services-measurement-17.2.0:] AndroidManifest.xml:17:1-55:12
MERGED from [:com.google.android.gms.play-services-measurement-api-17.2.0:] AndroidManifest.xml:17:1-36:12
MERGED from [:com.google.android.gms.play-services-measurement-base-17.2.0:] AndroidManifest.xml:2:1-9:12
MERGED from [:com.google.android.gms.play-services-measurement-impl-17.2.0:] AndroidManifest.xml:17:1-40:12
MERGED from [:com.google.android.gms.play-services-measurement-sdk-17.2.0:] AndroidManifest.xml:17:1-25:12
MERGED from [:com.google.android.gms.play-services-measurement-sdk-api-17.2.0:] AndroidManifest.xml:17:1-27:12
MERGED from [:com.google.android.gms.play-services-stats-17.0.0:] AndroidManifest.xml:2:1-9:12
MERGED from [:com.google.android.gms.play-services-tasks-17.0.0:] AndroidManifest.xml:2:1-9:12
MERGED from [:com.google.firebase.firebase-analytics-17.2.0:] AndroidManifest.xml:2:1-9:12
MERGED from [:com.google.firebase.firebase-analytics-unity-6.6.0:] AndroidManifest.xml:3:1-8:12
MERGED from [:com.google.firebase.firebase-app-unity-6.6.0:] AndroidManifest.xml:3:1-8:12
MERGED from [:com.google.firebase.firebase-auth-19.0.0:] AndroidManifest.xml:17:1-42:12
MERGED from [:com.google.firebase.firebase-auth-interop-18.0.0:] AndroidManifest.xml:2:1-10:12
MERGED from [:com.google.firebase.firebase-auth-unity-6.6.0:] AndroidManifest.xml:3:1-8:12
MERGED from [:com.google.firebase.firebase-common-19.1.0:] AndroidManifest.xml:2:1-10:12
MERGED from [:com.google.firebase.firebase-database-19.1.0:] AndroidManifest.xml:15:1-38:12
MERGED from [:com.google.firebase.firebase-database-collection-17.0.0:] AndroidManifest.xml:2:1-7:12
MERGED from [:com.google.firebase.firebase-database-unity-6.6.0:] AndroidManifest.xml:3:1-8:12
MERGED from [:com.google.firebase.firebase-iid-20.0.0:] AndroidManifest.xml:17:1-47:12
MERGED from [:com.google.firebase.firebase-iid-interop-17.0.0:] AndroidManifest.xml:2:1-10:12
MERGED from [:com.google.firebase.firebase-measurement-connector-18.0.0:] AndroidManifest.xml:17:1-25:12
MERGED from [:gvr-keyboard:] AndroidManifest.xml:2:1-11:12
MERGED from [:gvr-keyboardsupport-release:] AndroidManifest.xml:2:1-31:12
MERGED from [:gvr-permissionsupport-release:] AndroidManifest.xml:2:1-30:12
MERGED from [:gvr:] AndroidManifest.xml:2:1-9:12
MERGED from [:unitygvr:] AndroidManifest.xml:2:1-11:12
MERGED from [:Firebase] AndroidManifest.xml:10:1-19:12
INJECTED from src/main/AndroidManifest.xml:2:1-29:12
INJECTED from src/main/AndroidManifest.xml:2:1-29:12
INJECTED from src/main/AndroidManifest.xml:2:1-29:12
	package
		ADDED from src/main/AndroidManifest.xml:2:70-115
		INJECTED from src/main/AndroidManifest.xml
		INJECTED from src/main/AndroidManifest.xml
	android:versionName
		INJECTED from src/main/AndroidManifest.xml
		ADDED from src/main/AndroidManifest.xml:2:1-29:12
		INJECTED from src/main/AndroidManifest.xml
	xmlns:tools
		ADDED from src/main/AndroidManifest.xml:2:116-162
	android:versionCode
		INJECTED from src/main/AndroidManifest.xml
		ADDED from src/main/AndroidManifest.xml:2:1-29:12
		INJECTED from src/main/AndroidManifest.xml
	xmlns:android
		ADDED from src/main/AndroidManifest.xml:2:11-69
	android:installLocation
		ADDED from src/main/AndroidManifest.xml:2:163-203
supports-screens
ADDED from src/main/AndroidManifest.xml:3:3-163
	android:largeScreens
		ADDED from src/main/AndroidManifest.xml:3:78-105
	android:smallScreens
		ADDED from src/main/AndroidManifest.xml:3:21-48
	android:normalScreens
		ADDED from src/main/AndroidManifest.xml:3:49-77
	android:xlargeScreens
		ADDED from src/main/AndroidManifest.xml:3:106-134
	android:anyDensity
		ADDED from src/main/AndroidManifest.xml:3:135-160
application
ADDED from src/main/AndroidManifest.xml:4:3-20:17
MERGED from [:androidx.core.core-1.0.0:] AndroidManifest.xml:22:5-89
MERGED from [:androidx.core.core-1.0.0:] AndroidManifest.xml:22:5-89
MERGED from [:androidx.versionedparcelable.versionedparcelable-1.0.0:] AndroidManifest.xml:22:5-23:19
MERGED from [:androidx.versionedparcelable.versionedparcelable-1.0.0:] AndroidManifest.xml:22:5-23:19
MERGED from [:com.google.android.gms.play-services-ads-identifier-17.0.0:] AndroidManifest.xml:22:5-20
MERGED from [:com.google.android.gms.play-services-ads-identifier-17.0.0:] AndroidManifest.xml:22:5-20
MERGED from [:com.google.android.gms.play-services-base-17.1.0:] AndroidManifest.xml:22:5-27:19
MERGED from [:com.google.android.gms.play-services-base-17.1.0:] AndroidManifest.xml:22:5-27:19
MERGED from [:com.google.android.gms.play-services-basement-17.0.0:] AndroidManifest.xml:22:5-26:19
MERGED from [:com.google.android.gms.play-services-basement-17.0.0:] AndroidManifest.xml:22:5-26:19
MERGED from [:com.google.android.gms.play-services-measurement-17.2.0:] AndroidManifest.xml:28:5-53:19
MERGED from [:com.google.android.gms.play-services-measurement-17.2.0:] AndroidManifest.xml:28:5-53:19
MERGED from [:com.google.android.gms.play-services-measurement-api-17.2.0:] AndroidManifest.xml:26:5-34:19
MERGED from [:com.google.android.gms.play-services-measurement-api-17.2.0:] AndroidManifest.xml:26:5-34:19
MERGED from [:com.google.android.gms.play-services-measurement-base-17.2.0:] AndroidManifest.xml:7:5-20
MERGED from [:com.google.android.gms.play-services-measurement-base-17.2.0:] AndroidManifest.xml:7:5-20
MERGED from [:com.google.android.gms.play-services-measurement-impl-17.2.0:] AndroidManifest.xml:28:5-38:19
MERGED from [:com.google.android.gms.play-services-measurement-impl-17.2.0:] AndroidManifest.xml:28:5-38:19
MERGED from [:com.google.android.gms.play-services-measurement-sdk-17.2.0:] AndroidManifest.xml:22:5-23:19
MERGED from [:com.google.android.gms.play-services-measurement-sdk-17.2.0:] AndroidManifest.xml:22:5-23:19
MERGED from [:com.google.android.gms.play-services-stats-17.0.0:] AndroidManifest.xml:7:5-20
MERGED from [:com.google.android.gms.play-services-stats-17.0.0:] AndroidManifest.xml:7:5-20
MERGED from [:com.google.android.gms.play-services-tasks-17.0.0:] AndroidManifest.xml:7:5-20
MERGED from [:com.google.android.gms.play-services-tasks-17.0.0:] AndroidManifest.xml:7:5-20
MERGED from [:com.google.firebase.firebase-analytics-17.2.0:] AndroidManifest.xml:7:5-20
MERGED from [:com.google.firebase.firebase-analytics-17.2.0:] AndroidManifest.xml:7:5-20
MERGED from [:com.google.firebase.firebase-auth-19.0.0:] AndroidManifest.xml:23:5-40:19
MERGED from [:com.google.firebase.firebase-auth-19.0.0:] AndroidManifest.xml:23:5-40:19
MERGED from [:com.google.firebase.firebase-auth-interop-18.0.0:] AndroidManifest.xml:7:5-8:19
MERGED from [:com.google.firebase.firebase-auth-interop-18.0.0:] AndroidManifest.xml:7:5-8:19
MERGED from [:com.google.firebase.firebase-common-19.1.0:] AndroidManifest.xml:6:3-9:17
MERGED from [:com.google.firebase.firebase-common-19.1.0:] AndroidManifest.xml:6:3-9:17
MERGED from [:com.google.firebase.firebase-database-19.1.0:] AndroidManifest.xml:28:5-36:19
MERGED from [:com.google.firebase.firebase-database-19.1.0:] AndroidManifest.xml:28:5-36:19
MERGED from [:com.google.firebase.firebase-iid-20.0.0:] AndroidManifest.xml:28:5-45:19
MERGED from [:com.google.firebase.firebase-iid-20.0.0:] AndroidManifest.xml:28:5-45:19
MERGED from [:com.google.firebase.firebase-iid-interop-17.0.0:] AndroidManifest.xml:7:5-8:19
MERGED from [:com.google.firebase.firebase-iid-interop-17.0.0:] AndroidManifest.xml:7:5-8:19
MERGED from [:com.google.firebase.firebase-measurement-connector-18.0.0:] AndroidManifest.xml:22:5-23:19
MERGED from [:com.google.firebase.firebase-measurement-connector-18.0.0:] AndroidManifest.xml:22:5-23:19
MERGED from [:gvr-keyboardsupport-release:] AndroidManifest.xml:11:5-29:19
MERGED from [:gvr-keyboardsupport-release:] AndroidManifest.xml:11:5-29:19
MERGED from [:gvr-permissionsupport-release:] AndroidManifest.xml:11:5-28:19
MERGED from [:gvr-permissionsupport-release:] AndroidManifest.xml:11:5-28:19
	android:supportsRtl
		ADDED from [:gvr-keyboardsupport-release:] AndroidManifest.xml:14:9-35
	android:appComponentFactory
		ADDED from [:androidx.core.core-1.0.0:] AndroidManifest.xml:22:18-86
	android:label
		ADDED from src/main/AndroidManifest.xml:4:50-82
	android:allowBackup
		ADDED from [:gvr-keyboardsupport-release:] AndroidManifest.xml:12:9-35
	android:icon
		ADDED from src/main/AndroidManifest.xml:4:16-49
	android:banner
		ADDED from src/main/AndroidManifest.xml:4:105-142
	android:theme
		ADDED from src/main/AndroidManifest.xml:4:143-181
	android:isGame
		ADDED from src/main/AndroidManifest.xml:4:83-104
activity#com.unity3d.player.UnityPlayerActivity
ADDED from src/main/AndroidManifest.xml:5:5-14:16
	android:screenOrientation
		ADDED from src/main/AndroidManifest.xml:5:102-140
	android:label
		ADDED from src/main/AndroidManifest.xml:5:69-101
	android:enableVrMode
		ADDED from src/main/AndroidManifest.xml:5:383-435
	android:launchMode
		ADDED from src/main/AndroidManifest.xml:5:141-172
	android:hardwareAccelerated
		ADDED from src/main/AndroidManifest.xml:5:347-382
	android:resizeableActivity
		ADDED from src/main/AndroidManifest.xml:5:436-470
	android:configChanges
		ADDED from src/main/AndroidManifest.xml:5:173-346
	android:name
		ADDED from src/main/AndroidManifest.xml:5:15-68
intent-filter#action:name:android.intent.action.MAIN+category:name:android.intent.category.LAUNCHER+category:name:com.google.intent.category.DAYDREAM
ADDED from src/main/AndroidManifest.xml:6:7-10:23
action#android.intent.action.MAIN
ADDED from src/main/AndroidManifest.xml:7:9-61
	android:name
		ADDED from src/main/AndroidManifest.xml:7:17-58
category#android.intent.category.LAUNCHER
ADDED from src/main/AndroidManifest.xml:8:9-69
	android:name
		ADDED from src/main/AndroidManifest.xml:8:19-66
category#com.google.intent.category.DAYDREAM
ADDED from src/main/AndroidManifest.xml:9:9-72
	android:name
		ADDED from src/main/AndroidManifest.xml:9:19-69
meta-data#unityplayer.UnityActivity
ADDED from src/main/AndroidManifest.xml:11:7-82
	android:value
		ADDED from src/main/AndroidManifest.xml:11:59-79
	android:name
		ADDED from src/main/AndroidManifest.xml:11:18-58
meta-data#com.google.android.vr.icon
ADDED from src/main/AndroidManifest.xml:12:7-105
	android:resource
		ADDED from src/main/AndroidManifest.xml:12:60-102
	android:name
		ADDED from src/main/AndroidManifest.xml:12:18-59
meta-data#com.google.android.vr.icon_background
ADDED from src/main/AndroidManifest.xml:13:7-115
	android:resource
		ADDED from src/main/AndroidManifest.xml:13:71-112
	android:name
		ADDED from src/main/AndroidManifest.xml:13:18-70
meta-data#unityplayer.SkipPermissionsDialog
ADDED from src/main/AndroidManifest.xml:15:5-88
	android:value
		ADDED from src/main/AndroidManifest.xml:15:65-85
	android:name
		ADDED from src/main/AndroidManifest.xml:15:16-64
meta-data#unity.build-id
ADDED from src/main/AndroidManifest.xml:16:5-101
	android:value
		ADDED from src/main/AndroidManifest.xml:16:46-98
	android:name
		ADDED from src/main/AndroidManifest.xml:16:16-45
meta-data#unity.splash-mode
ADDED from src/main/AndroidManifest.xml:17:5-69
	android:value
		ADDED from src/main/AndroidManifest.xml:17:49-66
	android:name
		ADDED from src/main/AndroidManifest.xml:17:16-48
meta-data#unity.splash-enable
ADDED from src/main/AndroidManifest.xml:18:5-75
	android:value
		ADDED from src/main/AndroidManifest.xml:18:51-72
	android:name
		ADDED from src/main/AndroidManifest.xml:18:16-50
meta-data#android.max_aspect
ADDED from src/main/AndroidManifest.xml:19:5-72
	android:value
		ADDED from src/main/AndroidManifest.xml:19:50-69
	android:name
		ADDED from src/main/AndroidManifest.xml:19:16-49
uses-feature#0x00030000
ADDED from src/main/AndroidManifest.xml:21:3-52
	android:glEsVersion
		ADDED from src/main/AndroidManifest.xml:21:17-49
uses-feature#android.hardware.vr.headtracking
ADDED from src/main/AndroidManifest.xml:22:3-112
	android:version
		ADDED from src/main/AndroidManifest.xml:22:90-109
	android:required
		ADDED from src/main/AndroidManifest.xml:22:65-89
	android:name
		ADDED from src/main/AndroidManifest.xml:22:17-64
uses-feature#android.software.vr.mode
ADDED from src/main/AndroidManifest.xml:23:3-59
	android:name
		ADDED from src/main/AndroidManifest.xml:23:17-56
uses-feature#android.hardware.vr.high_performance
ADDED from src/main/AndroidManifest.xml:24:3-71
	android:name
		ADDED from src/main/AndroidManifest.xml:24:17-68
uses-permission#android.permission.INTERNET
ADDED from src/main/AndroidManifest.xml:25:3-65
MERGED from [:com.google.android.gms.play-services-measurement-17.2.0:] AndroidManifest.xml:23:5-67
MERGED from [:com.google.android.gms.play-services-measurement-17.2.0:] AndroidManifest.xml:23:5-67
MERGED from [:com.google.android.gms.play-services-measurement-api-17.2.0:] AndroidManifest.xml:22:5-67
MERGED from [:com.google.android.gms.play-services-measurement-api-17.2.0:] AndroidManifest.xml:22:5-67
MERGED from [:com.google.android.gms.play-services-measurement-impl-17.2.0:] AndroidManifest.xml:23:5-67
MERGED from [:com.google.android.gms.play-services-measurement-impl-17.2.0:] AndroidManifest.xml:23:5-67
MERGED from [:com.google.android.gms.play-services-measurement-sdk-api-17.2.0:] AndroidManifest.xml:23:5-67
MERGED from [:com.google.android.gms.play-services-measurement-sdk-api-17.2.0:] AndroidManifest.xml:23:5-67
MERGED from [:com.google.firebase.firebase-database-19.1.0:] AndroidManifest.xml:26:5-67
MERGED from [:com.google.firebase.firebase-database-19.1.0:] AndroidManifest.xml:26:5-67
MERGED from [:com.google.firebase.firebase-iid-20.0.0:] AndroidManifest.xml:23:5-67
MERGED from [:com.google.firebase.firebase-iid-20.0.0:] AndroidManifest.xml:23:5-67
	android:name
		ADDED from src/main/AndroidManifest.xml:25:20-62
uses-feature#android.hardware.touchscreen
ADDED from src/main/AndroidManifest.xml:26:3-88
	android:required
		ADDED from src/main/AndroidManifest.xml:26:61-85
	android:name
		ADDED from src/main/AndroidManifest.xml:26:17-60
uses-feature#android.hardware.touchscreen.multitouch
ADDED from src/main/AndroidManifest.xml:27:3-99
	android:required
		ADDED from src/main/AndroidManifest.xml:27:72-96
	android:name
		ADDED from src/main/AndroidManifest.xml:27:17-71
uses-feature#android.hardware.touchscreen.multitouch.distinct
ADDED from src/main/AndroidManifest.xml:28:3-108
	android:required
		ADDED from src/main/AndroidManifest.xml:28:81-105
	android:name
		ADDED from src/main/AndroidManifest.xml:28:17-80
uses-sdk
INJECTED from src/main/AndroidManifest.xml reason: use-sdk injection requested
INJECTED from src/main/AndroidManifest.xml
INJECTED from src/main/AndroidManifest.xml
MERGED from [:androidx.arch.core.core-runtime-2.0.0:] AndroidManifest.xml:20:5-44
MERGED from [:androidx.arch.core.core-runtime-2.0.0:] AndroidManifest.xml:20:5-44
MERGED from [:androidx.asynclayoutinflater.asynclayoutinflater-1.0.0:] AndroidManifest.xml:20:5-44
MERGED from [:androidx.asynclayoutinflater.asynclayoutinflater-1.0.0:] AndroidManifest.xml:20:5-44
MERGED from [:androidx.coordinatorlayout.coordinatorlayout-1.0.0:] AndroidManifest.xml:20:5-44
MERGED from [:androidx.coordinatorlayout.coordinatorlayout-1.0.0:] AndroidManifest.xml:20:5-44
MERGED from [:androidx.core.core-1.0.0:] AndroidManifest.xml:20:5-44
MERGED from [:androidx.core.core-1.0.0:] AndroidManifest.xml:20:5-44
MERGED from [:androidx.cursoradapter.cursoradapter-1.0.0:] AndroidManifest.xml:20:5-44
MERGED from [:androidx.cursoradapter.cursoradapter-1.0.0:] AndroidManifest.xml:20:5-44
MERGED from [:androidx.customview.customview-1.0.0:] AndroidManifest.xml:20:5-44
MERGED from [:androidx.customview.customview-1.0.0:] AndroidManifest.xml:20:5-44
MERGED from [:androidx.documentfile.documentfile-1.0.0:] AndroidManifest.xml:20:5-44
MERGED from [:androidx.documentfile.documentfile-1.0.0:] AndroidManifest.xml:20:5-44
MERGED from [:androidx.drawerlayout.drawerlayout-1.0.0:] AndroidManifest.xml:20:5-44
MERGED from [:androidx.drawerlayout.drawerlayout-1.0.0:] AndroidManifest.xml:20:5-44
MERGED from [:androidx.fragment.fragment-1.0.0:] AndroidManifest.xml:20:5-44
MERGED from [:androidx.fragment.fragment-1.0.0:] AndroidManifest.xml:20:5-44
MERGED from [:androidx.interpolator.interpolator-1.0.0:] AndroidManifest.xml:20:5-44
MERGED from [:androidx.interpolator.interpolator-1.0.0:] AndroidManifest.xml:20:5-44
MERGED from [:androidx.legacy.legacy-support-core-ui-1.0.0:] AndroidManifest.xml:20:5-44
MERGED from [:androidx.legacy.legacy-support-core-ui-1.0.0:] AndroidManifest.xml:20:5-44
MERGED from [:androidx.legacy.legacy-support-core-utils-1.0.0:] AndroidManifest.xml:20:5-44
MERGED from [:androidx.legacy.legacy-support-core-utils-1.0.0:] AndroidManifest.xml:20:5-44
MERGED from [:androidx.lifecycle.lifecycle-livedata-2.0.0:] AndroidManifest.xml:20:5-44
MERGED from [:androidx.lifecycle.lifecycle-livedata-2.0.0:] AndroidManifest.xml:20:5-44
MERGED from [:androidx.lifecycle.lifecycle-livedata-core-2.0.0:] AndroidManifest.xml:20:5-44
MERGED from [:androidx.lifecycle.lifecycle-livedata-core-2.0.0:] AndroidManifest.xml:20:5-44
MERGED from [:androidx.lifecycle.lifecycle-runtime-2.0.0:] AndroidManifest.xml:20:5-44
MERGED from [:androidx.lifecycle.lifecycle-runtime-2.0.0:] AndroidManifest.xml:20:5-44
MERGED from [:androidx.lifecycle.lifecycle-viewmodel-2.0.0:] AndroidManifest.xml:20:5-44
MERGED from [:androidx.lifecycle.lifecycle-viewmodel-2.0.0:] AndroidManifest.xml:20:5-44
MERGED from [:androidx.loader.loader-1.0.0:] AndroidManifest.xml:20:5-44
MERGED from [:androidx.loader.loader-1.0.0:] AndroidManifest.xml:20:5-44
MERGED from [:androidx.localbroadcastmanager.localbroadcastmanager-1.0.0:] AndroidManifest.xml:20:5-44
MERGED from [:androidx.localbroadcastmanager.localbroadcastmanager-1.0.0:] AndroidManifest.xml:20:5-44
MERGED from [:androidx.print.print-1.0.0:] AndroidManifest.xml:20:5-44
MERGED from [:androidx.print.print-1.0.0:] AndroidManifest.xml:20:5-44
MERGED from [:androidx.slidingpanelayout.slidingpanelayout-1.0.0:] AndroidManifest.xml:20:5-44
MERGED from [:androidx.slidingpanelayout.slidingpanelayout-1.0.0:] AndroidManifest.xml:20:5-44
MERGED from [:androidx.swiperefreshlayout.swiperefreshlayout-1.0.0:] AndroidManifest.xml:20:5-44
MERGED from [:androidx.swiperefreshlayout.swiperefreshlayout-1.0.0:] AndroidManifest.xml:20:5-44
MERGED from [:androidx.versionedparcelable.versionedparcelable-1.0.0:] AndroidManifest.xml:20:5-44
MERGED from [:androidx.versionedparcelable.versionedparcelable-1.0.0:] AndroidManifest.xml:20:5-44
MERGED from [:androidx.viewpager.viewpager-1.0.0:] AndroidManifest.xml:20:5-44
MERGED from [:androidx.viewpager.viewpager-1.0.0:] AndroidManifest.xml:20:5-44
MERGED from [:com.google.android.gms.play-services-ads-identifier-17.0.0:] AndroidManifest.xml:20:5-44
MERGED from [:com.google.android.gms.play-services-ads-identifier-17.0.0:] AndroidManifest.xml:20:5-44
MERGED from [:com.google.android.gms.play-services-base-17.1.0:] AndroidManifest.xml:20:5-44
MERGED from [:com.google.android.gms.play-services-base-17.1.0:] AndroidManifest.xml:20:5-44
MERGED from [:com.google.android.gms.play-services-basement-17.0.0:] AndroidManifest.xml:20:5-44
MERGED from [:com.google.android.gms.play-services-basement-17.0.0:] AndroidManifest.xml:20:5-44
MERGED from [:com.google.android.gms.play-services-measurement-17.2.0:] AndroidManifest.xml:20:5-44
MERGED from [:com.google.android.gms.play-services-measurement-17.2.0:] AndroidManifest.xml:20:5-44
MERGED from [:com.google.android.gms.play-services-measurement-api-17.2.0:] AndroidManifest.xml:20:5-44
MERGED from [:com.google.android.gms.play-services-measurement-api-17.2.0:] AndroidManifest.xml:20:5-44
MERGED from [:com.google.android.gms.play-services-measurement-base-17.2.0:] AndroidManifest.xml:5:5-44
MERGED from [:com.google.android.gms.play-services-measurement-base-17.2.0:] AndroidManifest.xml:5:5-44
MERGED from [:com.google.android.gms.play-services-measurement-impl-17.2.0:] AndroidManifest.xml:20:5-44
MERGED from [:com.google.android.gms.play-services-measurement-impl-17.2.0:] AndroidManifest.xml:20:5-44
MERGED from [:com.google.android.gms.play-services-measurement-sdk-17.2.0:] AndroidManifest.xml:20:5-44
MERGED from [:com.google.android.gms.play-services-measurement-sdk-17.2.0:] AndroidManifest.xml:20:5-44
MERGED from [:com.google.android.gms.play-services-measurement-sdk-api-17.2.0:] AndroidManifest.xml:20:5-44
MERGED from [:com.google.android.gms.play-services-measurement-sdk-api-17.2.0:] AndroidManifest.xml:20:5-44
MERGED from [:com.google.android.gms.play-services-stats-17.0.0:] AndroidManifest.xml:5:5-44
MERGED from [:com.google.android.gms.play-services-stats-17.0.0:] AndroidManifest.xml:5:5-44
MERGED from [:com.google.android.gms.play-services-tasks-17.0.0:] AndroidManifest.xml:5:5-44
MERGED from [:com.google.android.gms.play-services-tasks-17.0.0:] AndroidManifest.xml:5:5-44
MERGED from [:com.google.firebase.firebase-analytics-17.2.0:] AndroidManifest.xml:5:5-44
MERGED from [:com.google.firebase.firebase-analytics-17.2.0:] AndroidManifest.xml:5:5-44
MERGED from [:com.google.firebase.firebase-analytics-unity-6.6.0:] AndroidManifest.xml:7:3-41
MERGED from [:com.google.firebase.firebase-analytics-unity-6.6.0:] AndroidManifest.xml:7:3-41
MERGED from [:com.google.firebase.firebase-app-unity-6.6.0:] AndroidManifest.xml:7:3-41
MERGED from [:com.google.firebase.firebase-app-unity-6.6.0:] AndroidManifest.xml:7:3-41
MERGED from [:com.google.firebase.firebase-auth-19.0.0:] AndroidManifest.xml:21:5-44
MERGED from [:com.google.firebase.firebase-auth-19.0.0:] AndroidManifest.xml:21:5-44
MERGED from [:com.google.firebase.firebase-auth-interop-18.0.0:] AndroidManifest.xml:5:5-44
MERGED from [:com.google.firebase.firebase-auth-interop-18.0.0:] AndroidManifest.xml:5:5-44
MERGED from [:com.google.firebase.firebase-auth-unity-6.6.0:] AndroidManifest.xml:7:3-41
MERGED from [:com.google.firebase.firebase-auth-unity-6.6.0:] AndroidManifest.xml:7:3-41
MERGED from [:com.google.firebase.firebase-common-19.1.0:] AndroidManifest.xml:3:3-72
MERGED from [:com.google.firebase.firebase-common-19.1.0:] AndroidManifest.xml:3:3-72
MERGED from [:com.google.firebase.firebase-database-19.1.0:] AndroidManifest.xml:19:5-21:41
MERGED from [:com.google.firebase.firebase-database-19.1.0:] AndroidManifest.xml:19:5-21:41
MERGED from [:com.google.firebase.firebase-database-collection-17.0.0:] AndroidManifest.xml:5:5-44
MERGED from [:com.google.firebase.firebase-database-collection-17.0.0:] AndroidManifest.xml:5:5-44
MERGED from [:com.google.firebase.firebase-database-unity-6.6.0:] AndroidManifest.xml:7:3-41
MERGED from [:com.google.firebase.firebase-database-unity-6.6.0:] AndroidManifest.xml:7:3-41
MERGED from [:com.google.firebase.firebase-iid-20.0.0:] AndroidManifest.xml:20:5-44
MERGED from [:com.google.firebase.firebase-iid-20.0.0:] AndroidManifest.xml:20:5-44
MERGED from [:com.google.firebase.firebase-iid-interop-17.0.0:] AndroidManifest.xml:5:5-44
MERGED from [:com.google.firebase.firebase-iid-interop-17.0.0:] AndroidManifest.xml:5:5-44
MERGED from [:com.google.firebase.firebase-measurement-connector-18.0.0:] AndroidManifest.xml:20:5-44
MERGED from [:com.google.firebase.firebase-measurement-connector-18.0.0:] AndroidManifest.xml:20:5-44
MERGED from [:gvr-keyboard:] AndroidManifest.xml:7:5-9:41
MERGED from [:gvr-keyboard:] AndroidManifest.xml:7:5-9:41
MERGED from [:gvr-keyboardsupport-release:] AndroidManifest.xml:7:5-9:41
MERGED from [:gvr-keyboardsupport-release:] AndroidManifest.xml:7:5-9:41
MERGED from [:gvr-permissionsupport-release:] AndroidManifest.xml:7:5-9:41
MERGED from [:gvr-permissionsupport-release:] AndroidManifest.xml:7:5-9:41
MERGED from [:gvr:] AndroidManifest.xml:5:5-7:41
MERGED from [:gvr:] AndroidManifest.xml:5:5-7:41
MERGED from [:unitygvr:] AndroidManifest.xml:7:5-9:41
MERGED from [:unitygvr:] AndroidManifest.xml:7:5-9:41
MERGED from [:Firebase] AndroidManifest.xml:15:5-17:40
MERGED from [:Firebase] AndroidManifest.xml:15:5-17:40
INJECTED from src/main/AndroidManifest.xml
INJECTED from src/main/AndroidManifest.xml
	android:targetSdkVersion
		INJECTED from src/main/AndroidManifest.xml
		ADDED from src/main/AndroidManifest.xml
		INJECTED from src/main/AndroidManifest.xml
	android:minSdkVersion
		INJECTED from src/main/AndroidManifest.xml
		ADDED from src/main/AndroidManifest.xml
		INJECTED from src/main/AndroidManifest.xml
activity#com.google.android.gms.common.api.GoogleApiActivity
ADDED from [:com.google.android.gms.play-services-base-17.1.0:] AndroidManifest.xml:23:9-26:75
	android:exported
		ADDED from [:com.google.android.gms.play-services-base-17.1.0:] AndroidManifest.xml:25:13-37
	android:theme
		ADDED from [:com.google.android.gms.play-services-base-17.1.0:] AndroidManifest.xml:26:13-72
	android:name
		ADDED from [:com.google.android.gms.play-services-base-17.1.0:] AndroidManifest.xml:24:13-79
meta-data#com.google.android.gms.version
ADDED from [:com.google.android.gms.play-services-basement-17.0.0:] AndroidManifest.xml:23:9-25:69
	android:value
		ADDED from [:com.google.android.gms.play-services-basement-17.0.0:] AndroidManifest.xml:25:13-66
	android:name
		ADDED from [:com.google.android.gms.play-services-basement-17.0.0:] AndroidManifest.xml:24:13-58
uses-permission#android.permission.ACCESS_NETWORK_STATE
ADDED from [:com.google.android.gms.play-services-measurement-17.2.0:] AndroidManifest.xml:24:5-79
MERGED from [:com.google.android.gms.play-services-measurement-api-17.2.0:] AndroidManifest.xml:23:5-79
MERGED from [:com.google.android.gms.play-services-measurement-api-17.2.0:] AndroidManifest.xml:23:5-79
MERGED from [:com.google.android.gms.play-services-measurement-impl-17.2.0:] AndroidManifest.xml:24:5-79
MERGED from [:com.google.android.gms.play-services-measurement-impl-17.2.0:] AndroidManifest.xml:24:5-79
MERGED from [:com.google.android.gms.play-services-measurement-sdk-api-17.2.0:] AndroidManifest.xml:24:5-79
MERGED from [:com.google.android.gms.play-services-measurement-sdk-api-17.2.0:] AndroidManifest.xml:24:5-79
MERGED from [:com.google.firebase.firebase-database-19.1.0:] AndroidManifest.xml:25:5-79
MERGED from [:com.google.firebase.firebase-database-19.1.0:] AndroidManifest.xml:25:5-79
MERGED from [:com.google.firebase.firebase-iid-20.0.0:] AndroidManifest.xml:22:5-79
MERGED from [:com.google.firebase.firebase-iid-20.0.0:] AndroidManifest.xml:22:5-79
	android:name
		ADDED from [:com.google.android.gms.play-services-measurement-17.2.0:] AndroidManifest.xml:24:22-76
uses-permission#android.permission.WAKE_LOCK
ADDED from [:com.google.android.gms.play-services-measurement-17.2.0:] AndroidManifest.xml:25:5-68
MERGED from [:com.google.android.gms.play-services-measurement-api-17.2.0:] AndroidManifest.xml:24:5-68
MERGED from [:com.google.android.gms.play-services-measurement-api-17.2.0:] AndroidManifest.xml:24:5-68
MERGED from [:com.google.android.gms.play-services-measurement-impl-17.2.0:] AndroidManifest.xml:25:5-68
MERGED from [:com.google.android.gms.play-services-measurement-impl-17.2.0:] AndroidManifest.xml:25:5-68
MERGED from [:com.google.android.gms.play-services-measurement-sdk-api-17.2.0:] AndroidManifest.xml:25:5-68
MERGED from [:com.google.android.gms.play-services-measurement-sdk-api-17.2.0:] AndroidManifest.xml:25:5-68
MERGED from [:com.google.firebase.firebase-iid-20.0.0:] AndroidManifest.xml:24:5-68
MERGED from [:com.google.firebase.firebase-iid-20.0.0:] AndroidManifest.xml:24:5-68
	android:name